"2022-02-18 - An error 2{Undefined array key \"command\"} occurred in the file \/Applications\/XAMPP\/xamppfiles\/htdocs\/phpMidTermProject\/orders.php at line 6"
"2022-02-18 - An error 2{Undefined array key \"command\"} occurred in the file \/Applications\/XAMPP\/xamppfiles\/htdocs\/phpMidTermProject\/orders.php at line 6"
"2022-02-21 - An error 2{Undefined variable $currentDateTime} occurred in the file \/Applications\/XAMPP\/xamppfiles\/htdocs\/phpMidTermProject\/phpFunction\/functionProducts.php at line 33"
"2022-02-21 - An error 2{Undefined variable $currentDateTime} occurred in the file \/Applications\/XAMPP\/xamppfiles\/htdocs\/phpMidTermProject\/phpFunction\/functionProducts.php at line 33"
"2022-02-21 - An exception 0{json_decode(): Argument #1 ($json) must be of type string, resource given} occurred in the file \/Applications\/XAMPP\/xamppfiles\/htdocs\/phpMidTermProject\/phpFunction\/functionProducts.php at line 154"
"2022-02-21 - An exception 0{json_decode(): Argument #1 ($json) must be of type string, resource given} occurred in the file \/Applications\/XAMPP\/xamppfiles\/htdocs\/phpMidTermProject\/phpFunction\/functionProducts.php at line 154"
"2022-02-21 - An exception 0{json_decode(): Argument #1 ($json) must be of type string, resource given} occurred in the file \/Applications\/XAMPP\/xamppfiles\/htdocs\/phpMidTermProject\/phpFunction\/functionProducts.php at line 154"
"2022-02-21 - An exception 0{json_decode(): Argument #1 ($json) must be of type string, resource given} occurred in the file \/Applications\/XAMPP\/xamppfiles\/htdocs\/phpMidTermProject\/phpFunction\/functionProducts.php at line 154"
"2022-02-21 - An exception 0{json_decode(): Argument #1 ($json) must be of type string, resource given} occurred in the file \/Applications\/XAMPP\/xamppfiles\/htdocs\/phpMidTermProject\/phpFunction\/functionProducts.php at line 154"
"2022-02-21 - An exception 0{json_decode(): Argument #1 ($json) must be of type string, resource given} occurred in the file \/Applications\/XAMPP\/xamppfiles\/htdocs\/phpMidTermProject\/phpFunction\/functionProducts.php at line 154"
"2022-02-21 - An exception 0{json_decode(): Argument #1 ($json) must be of type string, resource given} occurred in the file \/Applications\/XAMPP\/xamppfiles\/htdocs\/phpMidTermProject\/phpFunction\/functionProducts.php at line 154"
"2022-02-21 - An exception 0{json_decode(): Argument #1 ($json) must be of type string, resource given} occurred in the file \/Applications\/XAMPP\/xamppfiles\/htdocs\/phpMidTermProject\/phpFunction\/functionProducts.php at line 154"
"2022-02-21 - An exception 0{json_decode(): Argument #1 ($json) must be of type string, resource given} occurred in the file \/Applications\/XAMPP\/xamppfiles\/htdocs\/phpMidTermProject\/phpFunction\/functionProducts.php at line 154"
"2022-02-21 - An exception 0{json_decode(): Argument #1 ($json) must be of type string, resource given} occurred in the file \/Applications\/XAMPP\/xamppfiles\/htdocs\/phpMidTermProject\/phpFunction\/functionProducts.php at line 154"
"2022-02-21 - An exception 0{json_decode(): Argument #1 ($json) must be of type string, resource given} occurred in the file \/Applications\/XAMPP\/xamppfiles\/htdocs\/phpMidTermProject\/phpFunction\/functionProducts.php at line 154"
"2022-02-21 - An exception 0{json_decode(): Argument #1 ($json) must be of type string, resource given} occurred in the file \/Applications\/XAMPP\/xamppfiles\/htdocs\/phpMidTermProject\/phpFunction\/functionProducts.php at line 154"
"2022-02-21 - An exception 0{json_decode(): Argument #1 ($json) must be of type string, resource given} occurred in the file \/Applications\/XAMPP\/xamppfiles\/htdocs\/phpMidTermProject\/phpFunction\/functionProducts.php at line 154"
"2022-02-21 - An exception 0{json_decode(): Argument #1 ($json) must be of type string, resource given} occurred in the file \/Applications\/XAMPP\/xamppfiles\/htdocs\/phpMidTermProject\/phpFunction\/functionProducts.php at line 154"
"2022-02-21 - An exception 0{json_decode(): Argument #1 ($json) must be of type string, resource given} occurred in the file \/Applications\/XAMPP\/xamppfiles\/htdocs\/phpMidTermProject\/phpFunction\/functionProducts.php at line 154"
"2022-02-21 - An exception 0{json_decode(): Argument #1 ($json) must be of type string, resource given} occurred in the file \/Applications\/XAMPP\/xamppfiles\/htdocs\/phpMidTermProject\/phpFunction\/functionProducts.php at line 154"
"2022-02-21 - An exception 0{json_decode(): Argument #1 ($json) must be of type string, resource given} occurred in the file \/Applications\/XAMPP\/xamppfiles\/htdocs\/phpMidTermProject\/phpFunction\/functionProducts.php at line 154"
"2022-02-21 - An exception 0{json_decode(): Argument #1 ($json) must be of type string, resource given} occurred in the file \/Applications\/XAMPP\/xamppfiles\/htdocs\/phpMidTermProject\/phpFunction\/functionProducts.php at line 154"
"2022-02-21 - An exception 0{json_decode(): Argument #1 ($json) must be of type string, resource given} occurred in the file \/Applications\/XAMPP\/xamppfiles\/htdocs\/phpMidTermProject\/phpFunction\/functionProducts.php at line 154"
"2022-02-21 - An exception 0{json_decode(): Argument #1 ($json) must be of type string, resource given} occurred in the file \/Applications\/XAMPP\/xamppfiles\/htdocs\/phpMidTermProject\/phpFunction\/functionProducts.php at line 154"
"2022-02-21 - An exception 0{json_decode(): Argument #1 ($json) must be of type string, resource given} occurred in the file \/Applications\/XAMPP\/xamppfiles\/htdocs\/phpMidTermProject\/phpFunction\/functionProducts.php at line 154"
"2022-02-21 - An exception 0{Undefined constant \"curPageName\"} occurred in the file \/Applications\/XAMPP\/xamppfiles\/htdocs\/phpMidTermProject\/phpFunction\/functionProducts.php at line 105"
"2022-02-21 - An error 2{Undefined variable $curPageName} occurred in the file \/Applications\/XAMPP\/xamppfiles\/htdocs\/phpMidTermProject\/phpFunction\/functionProducts.php at line 139"
"2022-02-21 - An error 2{Undefined variable $curPageName} occurred in the file \/Applications\/XAMPP\/xamppfiles\/htdocs\/phpMidTermProject\/phpFunction\/functionProducts.php at line 139"
"2022-02-21 - An error 2{Undefined variable $curPageName} occurred in the file \/Applications\/XAMPP\/xamppfiles\/htdocs\/phpMidTermProject\/phpFunction\/functionProducts.php at line 139"
"2022-02-21 - An error 2{Undefined variable $curPageName} occurred in the file \/Applications\/XAMPP\/xamppfiles\/htdocs\/phpMidTermProject\/phpFunction\/functionProducts.php at line 139"
"2022-02-21 - An error 2{Undefined variable $curPageName} occurred in the file \/Applications\/XAMPP\/xamppfiles\/htdocs\/phpMidTermProject\/phpFunction\/functionProducts.php at line 139"
"2022-02-28 - An error 2{foreach() argument must be of type array|object, null given} occurred in the file \/Applications\/XAMPP\/xamppfiles\/htdocs\/phpMidTermProject\/phpFunction\/functionProducts.php at line 223"
"2022-02-28 - An error 2{foreach() argument must be of type array|object, null given} occurred in the file \/Applications\/XAMPP\/xamppfiles\/htdocs\/phpMidTermProject\/phpFunction\/functionProducts.php at line 223"
"2022-02-28 - An error 2{foreach() argument must be of type array|object, null given} occurred in the file \/Applications\/XAMPP\/xamppfiles\/htdocs\/phpMidTermProject\/phpFunction\/functionProducts.php at line 223"
"2022-02-28 - An error 2{foreach() argument must be of type array|object, null given} occurred in the file \/Applications\/XAMPP\/xamppfiles\/htdocs\/phpMidTermProject\/phpFunction\/functionProducts.php at line 223"
"2022-02-28 - An error 2{foreach() argument must be of type array|object, null given} occurred in the file \/Applications\/XAMPP\/xamppfiles\/htdocs\/phpMidTermProject\/phpFunction\/functionProducts.php at line 223"
"2022-02-28 - An error 2{foreach() argument must be of type array|object, null given} occurred in the file \/Applications\/XAMPP\/xamppfiles\/htdocs\/phpMidTermProject\/phpFunction\/functionProducts.php at line 223"
"2022-02-28 - An error 2{foreach() argument must be of type array|object, null given} occurred in the file \/Applications\/XAMPP\/xamppfiles\/htdocs\/phpMidTermProject\/phpFunction\/functionProducts.php at line 223"
"2022-02-28 - An error 2{foreach() argument must be of type array|object, null given} occurred in the file \/Applications\/XAMPP\/xamppfiles\/htdocs\/phpMidTermProject\/phpFunction\/functionProducts.php at line 223"
"2022-02-28 - An error 2{foreach() argument must be of type array|object, null given} occurred in the file \/Applications\/XAMPP\/xamppfiles\/htdocs\/phpMidTermProject\/phpFunction\/functionProducts.php at line 223"
"2022-02-28 - An error 2{foreach() argument must be of type array|object, null given} occurred in the file \/Applications\/XAMPP\/xamppfiles\/htdocs\/phpMidTermProject\/phpFunction\/functionProducts.php at line 223"
"2022-02-28 - An error 2{foreach() argument must be of type array|object, null given} occurred in the file \/Applications\/XAMPP\/xamppfiles\/htdocs\/phpMidTermProject\/phpFunction\/functionProducts.php at line 223"
"2022-02-28 - An error 2{foreach() argument must be of type array|object, null given} occurred in the file \/Applications\/XAMPP\/xamppfiles\/htdocs\/phpMidTermProject\/phpFunction\/functionProducts.php at line 223"
"2022-02-28 - An error 2{foreach() argument must be of type array|object, null given} occurred in the file \/Applications\/XAMPP\/xamppfiles\/htdocs\/phpMidTermProject\/phpFunction\/functionProducts.php at line 223"
"2022-02-28 - An error 2{foreach() argument must be of type array|object, null given} occurred in the file \/Applications\/XAMPP\/xamppfiles\/htdocs\/phpMidTermProject\/phpFunction\/functionProducts.php at line 223"
"2022-02-28 - An error 2{foreach() argument must be of type array|object, null given} occurred in the file \/Applications\/XAMPP\/xamppfiles\/htdocs\/phpMidTermProject\/phpFunction\/functionProducts.php at line 223"
"2022-02-28 - An error 2{foreach() argument must be of type array|object, null given} occurred in the file \/Applications\/XAMPP\/xamppfiles\/htdocs\/phpMidTermProject\/phpFunction\/functionProducts.php at line 224"
"2022-02-28 - An error 2{foreach() argument must be of type array|object, null given} occurred in the file \/Applications\/XAMPP\/xamppfiles\/htdocs\/phpMidTermProject\/phpFunction\/functionProducts.php at line 224"
"2022-02-28 - An error 2{foreach() argument must be of type array|object, null given} occurred in the file \/Applications\/XAMPP\/xamppfiles\/htdocs\/phpMidTermProject\/phpFunction\/functionProducts.php at line 224"
"2022-02-28 - An error 2{foreach() argument must be of type array|object, null given} occurred in the file \/Applications\/XAMPP\/xamppfiles\/htdocs\/phpMidTermProject\/phpFunction\/functionProducts.php at line 224"
"2022-02-28 - An error 2{foreach() argument must be of type array|object, null given} occurred in the file \/Applications\/XAMPP\/xamppfiles\/htdocs\/phpMidTermProject\/phpFunction\/functionProducts.php at line 224"
"2022-03-01 06:03:54 - An error 2{Undefined variable $currentDateTime} occurred in the file \/Applications\/XAMPP\/xamppfiles\/htdocs\/phpMidTermProject\/phpFunction\/functionProducts.php at line 93"
